Change Component Designator: Old Designator=C? New Designator=C16
Change Component Designator: Old Designator=J? New Designator=J4
Change Component Designator: Old Designator=R? New Designator=R5
Change Component Designator: Old Designator=R? New Designator=R6
Change Component Designator: Old Designator=R? New Designator=R7
Change Component Designator: Old Designator=SJ? New Designator=SJ2
Change Component Designator: Old Designator=SJ? New Designator=SJ3
Change Component Designator: Old Designator=SJ? New Designator=SJ4
Change Component Designator: Old Designator=SJ? New Designator=SJ5
Change Component Designator: Old Designator=SJ? New Designator=SJ6
Change Component Designator: Old Designator=SJ? New Designator=SJ7
Change Component Designator: Old Designator=SJ? New Designator=SJ8
Change Component Designator: Old Designator=SJ? New Designator=SJ9
Change Component Designator: Old Designator=TP? New Designator=TP9
Change Component Designator: Old Designator=TP? New Designator=TP10
Change Component Designator: Old Designator=TP? New Designator=TP11
Change Component Designator: Old Designator=TP? New Designator=TP12
Change Component Designator: Old Designator=TP? New Designator=TP13
Change Component Designator: Old Designator=TP? New Designator=TP14
Change Component Designator: Old Designator=U? New Designator=U4
Change Component Designator: Old Designator=U? New Designator=U4
