Change Component Designator: Old Designator=C16 New Designator=C?
Change Component Designator: Old Designator=J4 New Designator=J?
Change Component Designator: Old Designator=R5 New Designator=R?
Change Component Designator: Old Designator=R6 New Designator=R?
Change Component Designator: Old Designator=R7 New Designator=R?
Change Component Designator: Old Designator=SJ2 New Designator=SJ?
Change Component Designator: Old Designator=SJ3 New Designator=SJ?
Change Component Designator: Old Designator=SJ4 New Designator=SJ?
Change Component Designator: Old Designator=SJ5 New Designator=SJ?
Change Component Designator: Old Designator=SJ6 New Designator=SJ?
Change Component Designator: Old Designator=SJ7 New Designator=SJ?
Change Component Designator: Old Designator=SJ8 New Designator=SJ?
Change Component Designator: Old Designator=SJ9 New Designator=SJ?
Change Component Designator: Old Designator=TP9 New Designator=TP?
Change Component Designator: Old Designator=TP10 New Designator=TP?
Change Component Designator: Old Designator=TP11 New Designator=TP?
Change Component Designator: Old Designator=TP12 New Designator=TP?
Change Component Designator: Old Designator=TP13 New Designator=TP?
Change Component Designator: Old Designator=TP14 New Designator=TP?
Change Component Designator: Old Designator=U4 New Designator=U?
Change Component Designator: Old Designator=U4 New Designator=U?
